<?xml version="1.0" encoding="UTF-8"?>
<!-- Generated by org.testng.reporters.JUnitXMLReporter -->
<testsuite ignored="2" hostname="ASUS" failures="0" tests="2" name="test" time="13.698" errors="0" timestamp="2024-11-27T12:17:24 IST">
  <testcase classname="testscript.LoginTest" name="verifyTheuserisabletologinusingvalidcredentials" time="3.23"/>
  <testcase classname="testscript.LoginTest" name="verifyTheuserisabletologinusinginvalidusernameandvalidpassword" time="1.338"/>
  <testcase classname="testscript.LoginTest" name="verifyTheuserisabletologinusingvalidusernameandinvalidpassword" time="0.0">
    <ignored/>
  </testcase> <!-- verifyTheuserisabletologinusingvalidusernameandinvalidpassword -->
  <testcase classname="testscript.LoginTest" name="verifyTheuserisabletologinusinginvalidcredentials" time="0.0">
    <ignored/>
  </testcase> <!-- verifyTheuserisabletologinusinginvalidcredentials -->
</testsuite> <!-- test -->
