<?xml version="1.0" encoding="UTF-8"?>
<!-- Generated by org.testng.reporters.JUnitXMLReporter -->
<testsuite ignored="3" hostname="ASUS" failures="0" tests="1" name="ChromeTest" time="6.508" errors="0" timestamp="2024-11-28T10:28:27 IST">
  <testcase classname="testscript.LoginTest" name="verifyTheuserisabletologinusingvalidcredentials" time="2.427"/>
  <testcase classname="testscript.LoginTest" name="verifyTheuserisabletologinusingvalidusernameandinvalidpassword" time="0.0">
    <ignored/>
  </testcase> <!-- verifyTheuserisabletologinusingvalidusernameandinvalidpassword -->
  <testcase classname="testscript.LoginTest" name="verifyTheuserisabletologinusinginvalidcredentials" time="0.0">
    <ignored/>
  </testcase> <!-- verifyTheuserisabletologinusinginvalidcredentials -->
  <testcase classname="testscript.LoginTest" name="verifyTheuserisabletologinusinginvalidusernameandvalidpassword" time="0.0">
    <ignored/>
  </testcase> <!-- verifyTheuserisabletologinusinginvalidusernameandvalidpassword -->
</testsuite> <!-- ChromeTest -->
