<?xml version="1.0" encoding="UTF-8"?>
<!-- Generated by org.testng.reporters.JUnitXMLReporter -->
<testsuite ignored="2" hostname="ASUS" failures="0" tests="2" name="Test" time="20.367" errors="0" timestamp="2024-11-25T12:20:39 IST">
  <testcase classname="testscript.LoginTest" name="verifyTheuserisabletologinusingvalidcredentials" time="7.514"/>
  <testcase classname="testscript.LoginTest" name="verifyTheuserisabletologinusinginvalidusernameandvalidpassword" time="1.266"/>
  <testcase classname="testscript.LoginTest" name="verifyTheuserisabletologinusinginvalidcredentials" time="0.0">
    <ignored/>
  </testcase> <!-- verifyTheuserisabletologinusinginvalidcredentials -->
  <testcase classname="testscript.LoginTest" name="verifyTheuserisabletologinusingvalidusernameandinvalidpassword" time="0.0">
    <ignored/>
  </testcase> <!-- verifyTheuserisabletologinusingvalidusernameandinvalidpassword -->
</testsuite> <!-- Test -->
