<?xml version="1.0" encoding="UTF-8"?>
<!-- Generated by org.testng.reporters.JUnitXMLReporter -->
<testsuite ignored="3" hostname="ASUS" failures="0" tests="1" name="test" time="10.679" errors="0" timestamp="2024-11-29T11:09:04 IST">
  <testcase classname="testscript.LoginTest" name="verifyTheuserisabletologinusingvalidcredentials" time="3.876"/>
  <testcase classname="testscript.LoginTest" name="verifyTheuserisabletologinusinginvalidusernameandvalidpassword" time="0.0">
    <ignored/>
  </testcase> <!-- verifyTheuserisabletologinusinginvalidusernameandvalidpassword -->
  <testcase classname="testscript.LoginTest" name="verifyTheuserisabletologinusingvalidusernameandinvalidpassword" time="0.0">
    <ignored/>
  </testcase> <!-- verifyTheuserisabletologinusingvalidusernameandinvalidpassword -->
  <testcase classname="testscript.LoginTest" name="verifyTheuserisabletologinusinginvalidcredentials" time="0.0">
    <ignored/>
  </testcase> <!-- verifyTheuserisabletologinusinginvalidcredentials -->
</testsuite> <!-- test -->
