<?xml version="1.0" encoding="UTF-8"?>
<!-- Generated by org.testng.reporters.JUnitXMLReporter -->
<testsuite ignored="1" hostname="ASUS" failures="0" tests="1" name="Default test" time="6.125" errors="0" timestamp="2024-11-20T16:20:42 IST">
  <testcase classname="testscript.ManageNewsTest" name="saveNewNews" time="2.779"/>
  <testcase classname="testscript.ManageNewsTest" name="deleteManageNews" time="0.0">
    <ignored/>
  </testcase> <!-- deleteManageNews -->
</testsuite> <!-- Default test -->
