<?xml version="1.0" encoding="UTF-8"?>
<!-- Generated by org.testng.reporters.JUnitXMLReporter -->
<testsuite ignored="3" hostname="ASUS" failures="0" tests="1" name="Default test" time="6.517" errors="0" timestamp="2024-11-13T11:28:15 IST">
  <testcase classname="testscript.LoginTest" name="verifyTheuserisabletologinusinginvalidcredentials" time="0.922"/>
  <testcase classname="testscript.LoginTest" name="verifyTheuserisabletologinusinginvalidusernameandvalidpassword" time="0.0">
    <ignored/>
  </testcase> <!-- verifyTheuserisabletologinusinginvalidusernameandvalidpassword -->
  <testcase classname="testscript.LoginTest" name="verifyTheuserisabletologinusingvalidcredentials" time="0.0">
    <ignored/>
  </testcase> <!-- verifyTheuserisabletologinusingvalidcredentials -->
  <testcase classname="testscript.LoginTest" name="verifyTheuserisabletologinusingvalidusernameandinvalidpassword" time="0.0">
    <ignored/>
  </testcase> <!-- verifyTheuserisabletologinusingvalidusernameandinvalidpassword -->
</testsuite> <!-- Default test -->
