<?xml version="1.0" encoding="UTF-8"?>
<testng-results ignored="0" total="1" passed="1" failed="0" skipped="0">
  <reporter-output>
  </reporter-output>
  <suite started-at="2024-12-03T10:00:47 IST" name="Suite" finished-at="2024-12-03T10:01:00 IST" duration-ms="12763">
    <groups>
    </groups>
    <test started-at="2024-12-03T10:00:47 IST" name="Test" finished-at="2024-12-03T10:01:00 IST" duration-ms="12763">
      <class name="testscript.LoginTest">
        <test-method is-config="true" signature="intializeBrowser(java.lang.String)[pri:0, instance:testscript.LoginTest@5e4bd84a]" started-at="2024-12-03T10:00:48 IST" name="intializeBrowser" finished-at="2024-12-03T10:00:59 IST" duration-ms="10578" status="PASS">
          <params>
            <param index="0">
              <value>
                <![CDATA[Chrome]]>
              </value>
            </param>
          </params>
          <reporter-output>
          </reporter-output>
        </test-method> <!-- intializeBrowser -->
        <test-method signature="verifyTheuserisabletologinusinginvalidcredentials(java.lang.String,java.lang.String)[pri:0, instance:testscript.LoginTest@5e4bd84a]" started-at="2024-12-03T10:00:59 IST" name="verifyTheuserisabletologinusinginvalidcredentials" data-provider="LoginProvider" finished-at="2024-12-03T10:01:00 IST" duration-ms="1007" status="PASS">
          <params>
            <param index="0">
              <value>
                <![CDATA[admin1]]>
              </value>
            </param>
            <param index="1">
              <value>
                <![CDATA[admin2]]>
              </value>
            </param>
          </params>
          <reporter-output>
          </reporter-output>
        </test-method> <!-- verifyTheuserisabletologinusinginvalidcredentials -->
        <test-method is-config="true" signature="browserQuit(org.testng.ITestResult)[pri:0, instance:testscript.LoginTest@5e4bd84a]" started-at="2024-12-03T10:01:00 IST" name="browserQuit" finished-at="2024-12-03T10:01:00 IST" duration-ms="1" status="PASS">
          <params>
            <param index="0">
              <value>
                <![CDATA[[TestResult name=verifyTheuserisabletologinusinginvalidcredentials status=SUCCESS method=LoginTest.verifyTheuserisabletologinusinginvalidcredentials(java.lang.String,java.lang.String)[pri:0, instance:testscript.LoginTest@5e4bd84a] output={null}]]]>
              </value>
            </param>
          </params>
          <reporter-output>
          </reporter-output>
        </test-method> <!-- browserQuit -->
      </class> <!-- testscript.LoginTest -->
    </test> <!-- Test -->
  </suite> <!-- Suite -->
</testng-results>
