<?xml version="1.0" encoding="UTF-8"?>
<testng-results ignored="0" total="1" passed="1" failed="0" skipped="0">
  <reporter-output>
  </reporter-output>
  <suite started-at="2024-11-20T16:20:36 IST" name="Default suite" finished-at="2024-11-20T16:20:42 IST" duration-ms="6125">
    <groups>
    </groups>
    <test started-at="2024-11-20T16:20:36 IST" name="Default test" finished-at="2024-11-20T16:20:42 IST" duration-ms="6125">
      <class name="testscript.ManageNewsTest">
        <test-method is-config="true" signature="intializeBrowser()[pri:0, instance:testscript.ManageNewsTest@563f38c4]" started-at="2024-11-20T16:20:36 IST" name="intializeBrowser" finished-at="2024-11-20T16:20:39 IST" duration-ms="3295" status="PASS">
          <reporter-output>
          </reporter-output>
        </test-method> <!-- intializeBrowser -->
        <test-method signature="saveNewNews()[pri:0, instance:testscript.ManageNewsTest@563f38c4]" started-at="2024-11-20T16:20:39 IST" name="saveNewNews" finished-at="2024-11-20T16:20:42 IST" duration-ms="2779" status="PASS">
          <reporter-output>
          </reporter-output>
        </test-method> <!-- saveNewNews -->
        <test-method is-config="true" signature="quitAndClose()[pri:0, instance:testscript.ManageNewsTest@563f38c4]" started-at="2024-11-20T16:20:42 IST" name="quitAndClose" finished-at="2024-11-20T16:20:42 IST" duration-ms="1" status="PASS">
          <reporter-output>
          </reporter-output>
        </test-method> <!-- quitAndClose -->
      </class> <!-- testscript.ManageNewsTest -->
    </test> <!-- Default test -->
  </suite> <!-- Default suite -->
</testng-results>
